<?xml version="1.0" encoding="UTF-8"?>
<coverage generated="1666773949933" clover="3.2.0">
  <project timestamp="1666773949934" name="All files">
    <metrics statements="30" coveredstatements="28" conditionals="12" coveredconditionals="10" methods="11" coveredmethods="11" elements="53" coveredelements="49" complexity="0" loc="30" ncloc="30" packages="2" files="2" classes="2"/>
    <package name="queue">
      <metrics statements="16" coveredstatements="14" conditionals="8" coveredconditionals="6" methods="5" coveredmethods="5"/>
      <file name="queue.js" path="D:\Work\MyWork\dsa\dsa-practices\src\queue\queue.js">
        <metrics statements="16" coveredstatements="14" conditionals="8" coveredconditionals="6" methods="5" coveredmethods="5"/>
        <line num="5" count="3" type="stmt"/>
        <line num="6" count="3" type="stmt"/>
        <line num="7" count="3" type="stmt"/>
        <line num="8" count="3" type="stmt"/>
        <line num="12" count="4" type="cond" truecount="1" falsecount="1"/>
        <line num="13" count="0" type="stmt"/>
        <line num="15" count="4" type="stmt"/>
        <line num="16" count="4" type="stmt"/>
        <line num="20" count="1" type="cond" truecount="1" falsecount="1"/>
        <line num="21" count="0" type="stmt"/>
        <line num="23" count="1" type="stmt"/>
        <line num="24" count="1" type="stmt"/>
        <line num="25" count="1" type="stmt"/>
        <line num="29" count="2" type="cond" truecount="2" falsecount="0"/>
        <line num="33" count="4" type="cond" truecount="2" falsecount="0"/>
        <line num="38" count="1" type="stmt"/>
      </file>
    </package>
    <package name="stack">
      <metrics statements="14" coveredstatements="14" conditionals="4" coveredconditionals="4" methods="6" coveredmethods="6"/>
      <file name="stack.js" path="D:\Work\MyWork\dsa\dsa-practices\src\stack\stack.js">
        <metrics statements="14" coveredstatements="14" conditionals="4" coveredconditionals="4" methods="6" coveredmethods="6"/>
        <line num="3" count="6" type="stmt"/>
        <line num="4" count="6" type="stmt"/>
        <line num="5" count="6" type="stmt"/>
        <line num="9" count="10" type="cond" truecount="2" falsecount="0"/>
        <line num="11" count="9" type="stmt"/>
        <line num="12" count="9" type="stmt"/>
        <line num="16" count="2" type="cond" truecount="2" falsecount="0"/>
        <line num="18" count="1" type="stmt"/>
        <line num="19" count="1" type="stmt"/>
        <line num="21" count="1" type="stmt"/>
        <line num="25" count="1" type="stmt"/>
        <line num="29" count="3" type="stmt"/>
        <line num="33" count="11" type="stmt"/>
        <line num="37" count="1" type="stmt"/>
      </file>
    </package>
  </project>
</coverage>
