{"D:\\Work\\MyWork\\dsa\\dsa-practices\\src\\queue\\queue.js": {"path":"D:\\Work\\MyWork\\dsa\\dsa-practices\\src\\queue\\queue.js","statementMap":{"0":{"start":{"line":5,"column":2},"end":{"line":5,"column":19}},"1":{"start":{"line":6,"column":2},"end":{"line":6,"column":18}},"2":{"start":{"line":7,"column":2},"end":{"line":7,"column":17}},"3":{"start":{"line":8,"column":2},"end":{"line":8,"column":16}},"4":{"start":{"line":12,"column":2},"end":{"line":13,"column":33}},"5":{"start":{"line":13,"column":3},"end":{"line":13,"column":33}},"6":{"start":{"line":15,"column":2},"end":{"line":15,"column":31}},"7":{"start":{"line":16,"column":2},"end":{"line":16,"column":14}},"8":{"start":{"line":20,"column":2},"end":{"line":21,"column":34}},"9":{"start":{"line":21,"column":3},"end":{"line":21,"column":34}},"10":{"start":{"line":23,"column":22},"end":{"line":23,"column":44}},"11":{"start":{"line":24,"column":2},"end":{"line":24,"column":15}},"12":{"start":{"line":25,"column":2},"end":{"line":25,"column":21}},"13":{"start":{"line":29,"column":2},"end":{"line":29,"column":46}},"14":{"start":{"line":33,"column":2},"end":{"line":33,"column":59}},"15":{"start":{"line":38,"column":0},"end":{"line":38,"column":23}}},"fnMap":{"0":{"name":"(anonymous_0)","decl":{"start":{"line":4,"column":1},"end":{"line":4,"column":2}},"loc":{"start":{"line":4,"column":19},"end":{"line":9,"column":2}},"line":4},"1":{"name":"(anonymous_1)","decl":{"start":{"line":11,"column":1},"end":{"line":11,"column":2}},"loc":{"start":{"line":11,"column":15},"end":{"line":17,"column":2}},"line":11},"2":{"name":"(anonymous_2)","decl":{"start":{"line":19,"column":1},"end":{"line":19,"column":2}},"loc":{"start":{"line":19,"column":11},"end":{"line":26,"column":2}},"line":19},"3":{"name":"(anonymous_3)","decl":{"start":{"line":28,"column":1},"end":{"line":28,"column":2}},"loc":{"start":{"line":28,"column":11},"end":{"line":30,"column":2}},"line":28},"4":{"name":"(anonymous_4)","decl":{"start":{"line":32,"column":1},"end":{"line":32,"column":2}},"loc":{"start":{"line":32,"column":10},"end":{"line":34,"column":2}},"line":32}},"branchMap":{"0":{"loc":{"start":{"line":12,"column":2},"end":{"line":13,"column":33}},"type":"if","locations":[{"start":{"line":12,"column":2},"end":{"line":13,"column":33}},{"start":{},"end":{}}],"line":12},"1":{"loc":{"start":{"line":20,"column":2},"end":{"line":21,"column":34}},"type":"if","locations":[{"start":{"line":20,"column":2},"end":{"line":21,"column":34}},{"start":{},"end":{}}],"line":20},"2":{"loc":{"start":{"line":29,"column":10},"end":{"line":29,"column":45}},"type":"binary-expr","locations":[{"start":{"line":29,"column":10},"end":{"line":29,"column":26}},{"start":{"line":29,"column":30},"end":{"line":29,"column":45}}],"line":29},"3":{"loc":{"start":{"line":33,"column":10},"end":{"line":33,"column":57}},"type":"binary-expr","locations":[{"start":{"line":33,"column":10},"end":{"line":33,"column":26}},{"start":{"line":33,"column":30},"end":{"line":33,"column":57}}],"line":33}},"s":{"0":3,"1":3,"2":3,"3":3,"4":4,"5":0,"6":4,"7":4,"8":1,"9":0,"10":1,"11":1,"12":1,"13":2,"14":4,"15":1},"f":{"0":3,"1":4,"2":1,"3":2,"4":4},"b":{"0":[0,4],"1":[0,1],"2":[2,2],"3":[4,4]},"_coverageSchema":"1a1c01bbd47fc00a2c39e90264f33305004495a9","hash":"663eea12888c6d53ffae50ff4fda64bb503c2225"}
,"D:\\Work\\MyWork\\dsa\\dsa-practices\\src\\stack\\stack.js": {"path":"D:\\Work\\MyWork\\dsa\\dsa-practices\\src\\stack\\stack.js","statementMap":{"0":{"start":{"line":3,"column":8},"end":{"line":3,"column":23}},"1":{"start":{"line":4,"column":8},"end":{"line":4,"column":24}},"2":{"start":{"line":5,"column":8},"end":{"line":5,"column":25}},"3":{"start":{"line":9,"column":8},"end":{"line":9,"column":57}},"4":{"start":{"line":9,"column":27},"end":{"line":9,"column":57}},"5":{"start":{"line":11,"column":8},"end":{"line":11,"column":38}},"6":{"start":{"line":12,"column":8},"end":{"line":12,"column":21}},"7":{"start":{"line":16,"column":8},"end":{"line":16,"column":40}},"8":{"start":{"line":16,"column":28},"end":{"line":16,"column":40}},"9":{"start":{"line":18,"column":28},"end":{"line":18,"column":54}},"10":{"start":{"line":19,"column":8},"end":{"line":19,"column":21}},"11":{"start":{"line":21,"column":8},"end":{"line":21,"column":27}},"12":{"start":{"line":25,"column":8},"end":{"line":25,"column":42}},"13":{"start":{"line":29,"column":8},"end":{"line":29,"column":32}},"14":{"start":{"line":33,"column":8},"end":{"line":33,"column":40}},"15":{"start":{"line":37,"column":0},"end":{"line":37,"column":23}}},"fnMap":{"0":{"name":"(anonymous_0)","decl":{"start":{"line":2,"column":4},"end":{"line":2,"column":5}},"loc":{"start":{"line":2,"column":22},"end":{"line":6,"column":5}},"line":2},"1":{"name":"(anonymous_1)","decl":{"start":{"line":8,"column":4},"end":{"line":8,"column":5}},"loc":{"start":{"line":8,"column":15},"end":{"line":13,"column":5}},"line":8},"2":{"name":"(anonymous_2)","decl":{"start":{"line":15,"column":4},"end":{"line":15,"column":5}},"loc":{"start":{"line":15,"column":10},"end":{"line":22,"column":5}},"line":15},"3":{"name":"(anonymous_3)","decl":{"start":{"line":24,"column":4},"end":{"line":24,"column":5}},"loc":{"start":{"line":24,"column":11},"end":{"line":26,"column":5}},"line":24},"4":{"name":"(anonymous_4)","decl":{"start":{"line":28,"column":4},"end":{"line":28,"column":5}},"loc":{"start":{"line":28,"column":14},"end":{"line":30,"column":5}},"line":28},"5":{"name":"(anonymous_5)","decl":{"start":{"line":32,"column":4},"end":{"line":32,"column":5}},"loc":{"start":{"line":32,"column":13},"end":{"line":34,"column":5}},"line":32}},"branchMap":{"0":{"loc":{"start":{"line":9,"column":8},"end":{"line":9,"column":57}},"type":"if","locations":[{"start":{"line":9,"column":8},"end":{"line":9,"column":57}},{"start":{},"end":{}}],"line":9},"1":{"loc":{"start":{"line":16,"column":8},"end":{"line":16,"column":40}},"type":"if","locations":[{"start":{"line":16,"column":8},"end":{"line":16,"column":40}},{"start":{},"end":{}}],"line":16}},"s":{"0":6,"1":6,"2":6,"3":10,"4":1,"5":9,"6":9,"7":2,"8":1,"9":1,"10":1,"11":1,"12":1,"13":3,"14":11,"15":1},"f":{"0":6,"1":10,"2":2,"3":1,"4":3,"5":11},"b":{"0":[1,9],"1":[1,1]},"_coverageSchema":"1a1c01bbd47fc00a2c39e90264f33305004495a9","hash":"665b87c2f68ea228a20fdf884a74eba911facad8"}
}
