TN:
SF:src\queue\queue.js
FN:4,(anonymous_0)
FN:11,(anonymous_1)
FN:19,(anonymous_2)
FN:28,(anonymous_3)
FN:32,(anonymous_4)
FNF:5
FNH:5
FNDA:3,(anonymous_0)
FNDA:4,(anonymous_1)
FNDA:1,(anonymous_2)
FNDA:2,(anonymous_3)
FNDA:4,(anonymous_4)
DA:5,3
DA:6,3
DA:7,3
DA:8,3
DA:12,4
DA:13,0
DA:15,4
DA:16,4
DA:20,1
DA:21,0
DA:23,1
DA:24,1
DA:25,1
DA:29,2
DA:33,4
DA:38,1
LF:16
LH:14
BRDA:12,0,0,0
BRDA:12,0,1,4
BRDA:20,1,0,0
BRDA:20,1,1,1
BRDA:29,2,0,2
BRDA:29,2,1,2
BRDA:33,3,0,4
BRDA:33,3,1,4
BRF:8
BRH:6
end_of_record
TN:
SF:src\stack\stack.js
FN:2,(anonymous_0)
FN:8,(anonymous_1)
FN:15,(anonymous_2)
FN:24,(anonymous_3)
FN:28,(anonymous_4)
FN:32,(anonymous_5)
FNF:6
FNH:6
FNDA:6,(anonymous_0)
FNDA:10,(anonymous_1)
FNDA:2,(anonymous_2)
FNDA:1,(anonymous_3)
FNDA:3,(anonymous_4)
FNDA:11,(anonymous_5)
DA:3,6
DA:4,6
DA:5,6
DA:9,10
DA:11,9
DA:12,9
DA:16,2
DA:18,1
DA:19,1
DA:21,1
DA:25,1
DA:29,3
DA:33,11
DA:37,1
LF:14
LH:14
BRDA:9,0,0,1
BRDA:9,0,1,9
BRDA:16,1,0,1
BRDA:16,1,1,1
BRF:4
BRH:4
end_of_record
